<?xml version="1.0" encoding="UTF-8"?>
<!-- Generated by org.testng.reporters.JUnitReportReporter -->
<testsuite skipped="0" hostname="DELL" name="testScprits.ExecutionFile" tests="7" failures="0" timestamp="2023-03-16T13:46:02 IST" time="38.540" errors="0">
  <testcase name="Login" time="2.722" classname="testScprits.ExecutionFile"/>
  <system-out/>
  <testcase name="additem" time="5.967" classname="testScprits.ExecutionFile"/>
  <system-out/>
  <testcase name="additem" time="8.443" classname="testScprits.ExecutionFile"/>
  <system-out/>
  <testcase name="additem" time="5.702" classname="testScprits.ExecutionFile"/>
  <system-out/>
  <testcase name="additem" time="6.681" classname="testScprits.ExecutionFile"/>
  <system-out/>
  <testcase name="delete" time="1.154" classname="testScprits.ExecutionFile"/>
  <system-out/>
  <testcase name="placeorder" time="7.871" classname="testScprits.ExecutionFile"/>
  <system-out/>
</testsuite> <!-- testScprits.ExecutionFile -->
