<?xml version="1.0" encoding="UTF-8"?>
<!-- Generated by org.testng.reporters.JUnitReportReporter -->
<testsuite skipped="0" hostname="DELL" name="testScprits.ExecutionFile" tests="7" failures="0" timestamp="2023-03-16T13:38:49 IST" time="56.487" errors="0">
  <testcase name="Login" time="7.834" classname="testScprits.ExecutionFile"/>
  <system-out/>
  <testcase name="additem" time="7.829" classname="testScprits.ExecutionFile"/>
  <system-out/>
  <testcase name="additem" time="13.822" classname="testScprits.ExecutionFile"/>
  <system-out/>
  <testcase name="additem" time="10.000" classname="testScprits.ExecutionFile"/>
  <system-out/>
  <testcase name="additem" time="6.722" classname="testScprits.ExecutionFile"/>
  <system-out/>
  <testcase name="delete" time="1.155" classname="testScprits.ExecutionFile"/>
  <system-out/>
  <testcase name="placeorder" time="9.125" classname="testScprits.ExecutionFile"/>
  <system-out/>
</testsuite> <!-- testScprits.ExecutionFile -->
